# JRE version: Java(TM) SE Runtime Environment 18.9 (11.0.7+8) (build 11.0.7+8-LTS)
# Java VM: Java HotSpot(TM) 64-Bit Server VM 18.9 (11.0.7+8-LTS, mixed mode, tiered, compressed oops, g1 gc, windows-amd64)
Heap:
 garbage-first heap   total 155648K, used 93256K [0x0000000082800000, 0x0000000100000000)
  region size 1024K, 80 young (81920K), 9 survivors (9216K)
 Metaspace       used 58697K, capacity 60198K, committed 60288K, reserved 1101824K
  class space    used 7916K, capacity 8515K, committed 8576K, reserved 1048576K
GC Heap History (10 events):
Event: 2.436 GC heap after
{Heap after GC invocations=5 (full 0):
 garbage-first heap   total 129024K, used 10887K [0x0000000082800000, 0x0000000100000000)
  region size 1024K, 4 young (4096K), 4 survivors (4096K)
 Metaspace       used 24357K, capacity 25090K, committed 25216K, reserved 1071104K
  class space    used 3075K, capacity 3383K, committed 3456K, reserved 1048576K
}
Event: 2.974 GC heap before
{Heap before GC invocations=5 (full 0):
 garbage-first heap   total 129024K, used 82567K [0x0000000082800000, 0x0000000100000000)
  region size 1024K, 75 young (76800K), 4 survivors (4096K)
 Metaspace       used 30308K, capacity 31311K, committed 31360K, reserved 1077248K
  class space    used 3821K, capacity 4208K, committed 4224K, reserved 1048576K
}
Event: 2.980 GC heap after
{Heap after GC invocations=6 (full 0):
 garbage-first heap   total 129024K, used 12987K [0x0000000082800000, 0x0000000100000000)
  region size 1024K, 6 young (6144K), 6 survivors (6144K)
 Metaspace       used 30308K, capacity 31311K, committed 31360K, reserved 1077248K
  class space    used 3821K, capacity 4208K, committed 4224K, reserved 1048576K
}
Event: 3.955 GC heap before
{Heap before GC invocations=6 (full 0):
 garbage-first heap   total 129024K, used 62139K [0x0000000082800000, 0x0000000100000000)
  region size 1024K, 55 young (56320K), 6 survivors (6144K)
 Metaspace       used 34809K, capacity 35871K, committed 35968K, reserved 1081344K
  class space    used 4517K, capacity 4948K, committed 4992K, reserved 1048576K
}
Event: 3.964 GC heap after
{Heap after GC invocations=7 (full 0):
 garbage-first heap   total 155648K, used 14926K [0x0000000082800000, 0x0000000100000000)
  region size 1024K, 7 young (7168K), 7 survivors (7168K)
 Metaspace       used 34809K, capacity 35871K, committed 35968K, reserved 1081344K
  class space    used 4517K, capacity 4948K, committed 4992K, reserved 1048576K
}
Event: 4.477 GC heap before
{Heap before GC invocations=8 (full 0):
 garbage-first heap   total 155648K, used 99918K [0x0000000082800000, 0x0000000100000000)
  region size 1024K, 91 young (93184K), 7 survivors (7168K)
 Metaspace       used 38356K, capacity 39647K, committed 39936K, reserved 1083392K
  class space    used 4974K, capacity 5506K, committed 5632K, reserved 1048576K
}
Event: 4.485 GC heap after
{Heap after GC invocations=9 (full 0):
 garbage-first heap   total 155648K, used 17170K [0x0000000082800000, 0x0000000100000000)
  region size 1024K, 8 young (8192K), 8 survivors (8192K)
 Metaspace       used 38356K, capacity 39647K, committed 39936K, reserved 1083392K
  class space    used 4974K, capacity 5506K, committed 5632K, reserved 1048576K
}
Event: 5.645 GC heap before
{Heap before GC invocations=9 (full 0):
 garbage-first heap   total 155648K, used 101138K [0x0000000082800000, 0x0000000100000000)
  region size 1024K, 91 young (93184K), 8 survivors (8192K)
 Metaspace       used 47859K, capacity 49221K, committed 49408K, reserved 1091584K
  class space    used 6295K, capacity 6864K, committed 6912K, reserved 1048576K
}
Event: 5.655 GC heap after
{Heap after GC invocations=10 (full 0):
 garbage-first heap   total 155648K, used 21056K [0x0000000082800000, 0x0000000100000000)
  region size 1024K, 9 young (9216K), 9 survivors (9216K)
 Metaspace       used 47859K, capacity 49221K, committed 49408K, reserved 1091584K
  class space    used 6295K, capacity 6864K, committed 6912K, reserved 1048576K
}
Event: 7.178 GC heap before
{Heap before GC invocations=10 (full 0):
 garbage-first heap   total 155648K, used 92736K [0x0000000082800000, 0x0000000100000000)
  region size 1024K, 80 young (81920K), 9 survivors (9216K)
 Metaspace       used 58697K, capacity 60198K, committed 60288K, reserved 1101824K
  class space    used 7916K, capacity 8515K, committed 8576K, reserved 1048576K
}

